[35m[1mConsolidate compiler generated dependencies of target state_machine_node[0m
[ 50%] [32mBuilding CXX object CMakeFiles/state_machine_node.dir/src/state_machine_node.cpp.o[0m
[01m[K/home/loic/Desktop/Xcar_chidi/raspberryPI3/ros2_ws/src/state_machine/src/state_machine_node.cpp:44:43:[m[K [01;31m[Kerror: [m[Kâ€˜[01m[KUltrasonic[m[Kâ€™ is not a member of â€˜[01m[Kinterfaces::msg[m[Kâ€™
   44 |     rclcpp::Subscription<interfaces::msg::[01;31m[KUltrasonic[m[K>::SharedPtr subscription_ultrasonic_sensor_;
      |                                           [01;31m[K^~~~~~~~~~[m[K
[01m[K/home/loic/Desktop/Xcar_chidi/raspberryPI3/ros2_ws/src/state_machine/src/state_machine_node.cpp:44:53:[m[K [01;31m[Kerror: [m[Ktemplate argument 1 is invalid
   44 |     rclcpp::Subscription<interfaces::msg::Ultrasonic[01;31m[K>[m[K::SharedPtr subscription_ultrasonic_sensor_;
      |                                                     [01;31m[K^[m[K
[01m[K/home/loic/Desktop/Xcar_chidi/raspberryPI3/ros2_ws/src/state_machine/src/state_machine_node.cpp:44:53:[m[K [01;31m[Kerror: [m[Ktemplate argument 3 is invalid
[01m[K/home/loic/Desktop/Xcar_chidi/raspberryPI3/ros2_ws/src/state_machine/src/state_machine_node.cpp:44:53:[m[K [01;31m[Kerror: [m[Ktemplate argument 4 is invalid
[01m[K/home/loic/Desktop/Xcar_chidi/raspberryPI3/ros2_ws/src/state_machine/src/state_machine_node.cpp:44:53:[m[K [01;31m[Kerror: [m[Ktemplate argument 5 is invalid
[01m[K/home/loic/Desktop/Xcar_chidi/raspberryPI3/ros2_ws/src/state_machine/src/state_machine_node.cpp:44:56:[m[K [01;31m[Kerror: [m[Kexpected â€˜[01m[K;[m[Kâ€™ at end of member declaration
   44 |     rclcpp::Subscription<interfaces::msg::Ultrasonic>::[01;31m[KSharedPtr[m[K subscription_ultrasonic_sensor_;
      |                                                        [01;31m[K^~~~~~~~~[m[K
      |                                                                 [32m[K;[m[K
[01m[K/home/loic/Desktop/Xcar_chidi/raspberryPI3/ros2_ws/src/state_machine/src/state_machine_node.cpp:44:66:[m[K [01;31m[Kerror: [m[Kâ€˜[01m[Ksubscription_ultrasonic_sensor_[m[Kâ€™ does not name a type
   44 | clcpp::Subscription<interfaces::msg::Ultrasonic>::SharedPtr [01;31m[Ksubscription_ultrasonic_sensor_[m[K;
      |                                                             [01;31m[K^~~~~~~~~~~~~~~~~~~~~~~~~~~~~~~[m[K

[01m[K/home/loic/Desktop/Xcar_chidi/raspberryPI3/ros2_ws/src/state_machine/src/state_machine_node.cpp:65:48:[m[K [01;31m[Kerror: [m[Kâ€˜[01m[KUltrasonic[m[Kâ€™ in namespace â€˜[01m[Kinterfaces::msg[m[Kâ€™ does not name a type
   65 |     void stateCallback2(const interfaces::msg::[01;31m[KUltrasonic[m[K &ultrasonic)
      |                                                [01;31m[K^~~~~~~~~~[m[K
[01m[K/home/loic/Desktop/Xcar_chidi/raspberryPI3/ros2_ws/src/state_machine/src/state_machine_node.cpp:[m[K In constructor â€˜[01m[Kstate_machine::state_machine()[m[Kâ€™:
[01m[K/home/loic/Desktop/Xcar_chidi/raspberryPI3/ros2_ws/src/state_machine/src/state_machine_node.cpp:26:7:[m[K [01;31m[Kerror: [m[Kâ€˜[01m[Ksubscription_ultrasonic_sensor_[m[Kâ€™ was not declared in this scope
   26 |       [01;31m[Ksubscription_ultrasonic_sensor_[m[K = this->create_subscription<interfaces::msg::Ultrasonic>(
      |       [01;31m[K^~~~~~~~~~~~~~~~~~~~~~~~~~~~~~~[m[K
[01m[K/home/loic/Desktop/Xcar_chidi/raspberryPI3/ros2_ws/src/state_machine/src/state_machine_node.cpp:26:84:[m[K [01;31m[Kerror: [m[Kâ€˜[01m[KUltrasonic[m[Kâ€™ is not a member of â€˜[01m[Kinterfaces::msg[m[Kâ€™
   26 | asonic_sensor_ = this->create_subscription<interfaces::msg::[01;31m[KUltrasonic[m[K>(
      |                                                             [01;31m[K^~~~~~~~~~[m[K

[01m[K/home/loic/Desktop/Xcar_chidi/raspberryPI3/ros2_ws/src/state_machine/src/state_machine_node.cpp:26:95:[m[K [01;31m[Kerror: [m[Kno matching function for call to â€˜[01m[Kstate_machine::create_subscription<<expression error> >(const char [8], int, std::_Bind_helper<false, void (state_machine::*)(const interfaces::msg::JoystickOrder_<std::allocator<void> >&), state_machine*, const std::_Placeholder<1>&>::type)[m[Kâ€™
   26 | sonic_sensor_ = [01;31m[Kthis->create_subscription<interfaces::msg::Ultrasonic>([m[K
      |                 [01;31m[K~~~~~~~~~~~~~~~~~~~~~~~~~~~~~~~~~~~~~~~~~~~~~~~~~~~~~~^[m[K

   27 | [01;31m[Ktd::bind(&state_machine::stateCallback, this, _1))[m[K;
      | [01;31m[K~~~~~~~~~~~~~~~~~~~~~~~~~~~~~~~~~~~~~~~~~~~~~~~~~~[m[K                     

In file included from [01m[K/opt/ros/humble/include/rclcpp/rclcpp/node.hpp:1321[m[K,
                 from [01m[K/opt/ros/humble/include/rclcpp/rclcpp/executors/single_threaded_executor.hpp:28[m[K,
                 from [01m[K/opt/ros/humble/include/rclcpp/rclcpp/executors.hpp:22[m[K,
                 from [01m[K/opt/ros/humble/include/rclcpp/rclcpp/rclcpp.hpp:155[m[K,
                 from [01m[K/home/loic/Desktop/Xcar_chidi/raspberryPI3/ros2_ws/src/state_machine/src/state_machine_node.cpp:2[m[K:
[01m[K/opt/ros/humble/include/rclcpp/rclcpp/node_impl.hpp:92:1:[m[K [01;36m[Knote: [m[Kcandidate: â€˜[01m[Ktemplate<class MessageT, class CallbackT, class AllocatorT, class SubscriptionT, class MessageMemoryStrategyT> std::shared_ptr<ROSMessageT> rclcpp::Node::create_subscription(const string&, const rclcpp::QoS&, CallbackT&&, const rclcpp::SubscriptionOptionsWithAllocator<AllocatorT>&, typename MessageMemoryStrategyT::SharedPtr)[m[Kâ€™
   92 | [01;36m[KNode[m[K::create_subscription(
      | [01;36m[K^~~~[m[K
[01m[K/opt/ros/humble/include/rclcpp/rclcpp/node_impl.hpp:92:1:[m[K [01;36m[Knote: [m[K  template argument deduction/substitution failed:
[01m[K/home/loic/Desktop/Xcar_chidi/raspberryPI3/ros2_ws/src/state_machine/src/state_machine_node.cpp:26:95:[m[K [01;31m[Kerror: [m[Ktemplate argument 1 is invalid
   26 | sonic_sensor_ = [01;31m[Kthis->create_subscription<interfaces::msg::Ultrasonic>([m[K
      |                 [01;31m[K~~~~~~~~~~~~~~~~~~~~~~~~~~~~~~~~~~~~~~~~~~~~~~~~~~~~~~^[m[K

   27 | [01;31m[Ktd::bind(&state_machine::stateCallback, this, _1))[m[K;
      | [01;31m[K~~~~~~~~~~~~~~~~~~~~~~~~~~~~~~~~~~~~~~~~~~~~~~~~~~[m[K                     

[01m[K/home/loic/Desktop/Xcar_chidi/raspberryPI3/ros2_ws/src/state_machine/src/state_machine_node.cpp:[m[K In member function â€˜[01m[Kvoid state_machine::stateCallback2(const int&)[m[Kâ€™:
[01m[K/home/loic/Desktop/Xcar_chidi/raspberryPI3/ros2_ws/src/state_machine/src/state_machine_node.cpp:68:22:[m[K [01;31m[Kerror: [m[Krequest for member â€˜[01m[Kfront_center[m[Kâ€™ in â€˜[01m[Kultrasonic[m[Kâ€™, which is of non-class type â€˜[01m[Kconst int[m[Kâ€™
   68 |       if (ultrasonic.[01;31m[Kfront_center[m[K<=20)
      |                      [01;31m[K^~~~~~~~~~~~[m[K
gmake[2]: *** [CMakeFiles/state_machine_node.dir/build.make:76: CMakeFiles/state_machine_node.dir/src/state_machine_node.cpp.o] Error 1
gmake[1]: *** [CMakeFiles/Makefile2:137: CMakeFiles/state_machine_node.dir/all] Error 2
gmake: *** [Makefile:146: all] Error 2
