[35m[1mConsolidate compiler generated dependencies of target state_machine_node[0m
[ 50%] [32mBuilding CXX object CMakeFiles/state_machine_node.dir/src/state_machine_node.cpp.o[0m
[01m[K/home/loic/Desktop/Xcar_chidi/raspberryPI3/ros2_ws/src/state_machine/src/state_machine_node.cpp:44:43:[m[K [01;31m[Kerror: [m[Kâ€˜[01m[KUltrasonic[m[Kâ€™ is not a member of â€˜[01m[Kinterfaces::msg[m[Kâ€™
   44 |     rclcpp::Subscription<interfaces::msg::[01;31m[KUltrasonic[m[K>::SharedPtr subscription_ultrasonic_sensor_;
      |                                           [01;31m[K^~~~~~~~~~[m[K
[01m[K/home/loic/Desktop/Xcar_chidi/raspberryPI3/ros2_ws/src/state_machine/src/state_machine_node.cpp:44:53:[m[K [01;31m[Kerror: [m[Ktemplate argument 1 is invalid
   44 |     rclcpp::Subscription<interfaces::msg::Ultrasonic[01;31m[K>[m[K::SharedPtr subscription_ultrasonic_sensor_;
      |                                                     [01;31m[K^[m[K
[01m[K/home/loic/Desktop/Xcar_chidi/raspberryPI3/ros2_ws/src/state_machine/src/state_machine_node.cpp:44:53:[m[K [01;31m[Kerror: [m[Ktemplate argument 3 is invalid
[01m[K/home/loic/Desktop/Xcar_chidi/raspberryPI3/ros2_ws/src/state_machine/src/state_machine_node.cpp:44:53:[m[K [01;31m[Kerror: [m[Ktemplate argument 4 is invalid
[01m[K/home/loic/Desktop/Xcar_chidi/raspberryPI3/ros2_ws/src/state_machine/src/state_machine_node.cpp:44:53:[m[K [01;31m[Kerror: [m[Ktemplate argument 5 is invalid
[01m[K/home/loic/Desktop/Xcar_chidi/raspberryPI3/ros2_ws/src/state_machine/src/state_machine_node.cpp:44:56:[m[K [01;31m[Kerror: [m[Kexpected â€˜[01m[K;[m[Kâ€™ at end of member declaration
   44 |     rclcpp::Subscription<interfaces::msg::Ultrasonic>::[01;31m[KSharedPtr[m[K subscription_ultrasonic_sensor_;
      |                                                        [01;31m[K^~~~~~~~~[m[K
      |                                                                 [32m[K;[m[K
[01m[K/home/loic/Desktop/Xcar_chidi/raspberryPI3/ros2_ws/src/state_machine/src/state_machine_node.cpp:44:66:[m[K [01;31m[Kerror: [m[Kâ€˜[01m[Ksubscription_ultrasonic_sensor_[m[Kâ€™ does not name a type
   44 | clcpp::Subscription<interfaces::msg::Ultrasonic>::SharedPtr [01;31m[Ksubscription_ultrasonic_sensor_[m[K;
      |                                                             [01;31m[K^~~~~~~~~~~~~~~~~~~~~~~~~~~~~~~[m[K

[01m[K/home/loic/Desktop/Xcar_chidi/raspberryPI3/ros2_ws/src/state_machine/src/state_machine_node.cpp:47:21:[m[K [01;31m[Kerror: [m[Kâ€˜[01m[Kstd_srvs[m[Kâ€™ was not declared in this scope
   47 |     rclcpp::Service<[01;31m[Kstd_srvs[m[K::srv::Empty>::SharedPtr state_service_;
      |                     [01;31m[K^~~~~~~~[m[K
[01m[K/home/loic/Desktop/Xcar_chidi/raspberryPI3/ros2_ws/src/state_machine/src/state_machine_node.cpp:47:41:[m[K [01;31m[Kerror: [m[Ktemplate argument 1 is invalid
   47 |     rclcpp::Service<std_srvs::srv::Empty[01;31m[K>[m[K::SharedPtr state_service_;
      |                                         [01;31m[K^[m[K
[01m[K/home/loic/Desktop/Xcar_chidi/raspberryPI3/ros2_ws/src/state_machine/src/state_machine_node.cpp:47:44:[m[K [01;31m[Kerror: [m[Kexpected â€˜[01m[K;[m[Kâ€™ at end of member declaration
   47 |     rclcpp::Service<std_srvs::srv::Empty>::[01;31m[KSharedPtr[m[K state_service_;
      |                                            [01;31m[K^~~~~~~~~[m[K
      |                                                     [32m[K;[m[K
[01m[K/home/loic/Desktop/Xcar_chidi/raspberryPI3/ros2_ws/src/state_machine/src/state_machine_node.cpp:47:44:[m[K [01;31m[Kerror: [m[Kredeclaration of â€˜[01m[Kint state_machine::SharedPtr[m[Kâ€™
[01m[K/home/loic/Desktop/Xcar_chidi/raspberryPI3/ros2_ws/src/state_machine/src/state_machine_node.cpp:44:56:[m[K [01;36m[Knote: [m[Kprevious declaration â€˜[01m[Kint state_machine::SharedPtr[m[Kâ€™
   44 |     rclcpp::Subscription<interfaces::msg::Ultrasonic>::[01;36m[KSharedPtr[m[K subscription_ultrasonic_sensor_;
      |                                                        [01;36m[K^~~~~~~~~[m[K
[01m[K/home/loic/Desktop/Xcar_chidi/raspberryPI3/ros2_ws/src/state_machine/src/state_machine_node.cpp:47:54:[m[K [01;31m[Kerror: [m[Kâ€˜[01m[Kstate_service_[m[Kâ€™ does not name a type
   47 |     rclcpp::Service<std_srvs::srv::Empty>::SharedPtr [01;31m[Kstate_service_[m[K;
      |                                                      [01;31m[K^~~~~~~~~~~~~~[m[K
[01m[K/home/loic/Desktop/Xcar_chidi/raspberryPI3/ros2_ws/src/state_machine/src/state_machine_node.cpp:65:48:[m[K [01;31m[Kerror: [m[Kâ€˜[01m[KUltrasonic[m[Kâ€™ in namespace â€˜[01m[Kinterfaces::msg[m[Kâ€™ does not name a type
   65 |     void stateCallback2(const interfaces::msg::[01;31m[KUltrasonic[m[K &ultrasonic)
      |                                                [01;31m[K^~~~~~~~~~[m[K
[01m[K/home/loic/Desktop/Xcar_chidi/raspberryPI3/ros2_ws/src/state_machine/src/state_machine_node.cpp:[m[K In constructor â€˜[01m[Kstate_machine::state_machine()[m[Kâ€™:
[01m[K/home/loic/Desktop/Xcar_chidi/raspberryPI3/ros2_ws/src/state_machine/src/state_machine_node.cpp:26:7:[m[K [01;31m[Kerror: [m[Kâ€˜[01m[Ksubscription_ultrasonic_sensor_[m[Kâ€™ was not declared in this scope
   26 |       [01;31m[Ksubscription_ultrasonic_sensor_[m[K = this->create_subscription<interfaces::msg::Ultrasonic>(
      |       [01;31m[K^~~~~~~~~~~~~~~~~~~~~~~~~~~~~~~[m[K
[01m[K/home/loic/Desktop/Xcar_chidi/raspberryPI3/ros2_ws/src/state_machine/src/state_machine_node.cpp:26:84:[m[K [01;31m[Kerror: [m[Kâ€˜[01m[KUltrasonic[m[Kâ€™ is not a member of â€˜[01m[Kinterfaces::msg[m[Kâ€™
   26 | asonic_sensor_ = this->create_subscription<interfaces::msg::[01;31m[KUltrasonic[m[K>(
      |                                                             [01;31m[K^~~~~~~~~~[m[K

[01m[K/home/loic/Desktop/Xcar_chidi/raspberryPI3/ros2_ws/src/state_machine/src/state_machine_node.cpp:26:95:[m[K [01;31m[Kerror: [m[Kno matching function for call to â€˜[01m[Kstate_machine::create_subscription<<expression error> >(const char [8], int, std::_Bind_helper<false, void (state_machine::*)(const interfaces::msg::JoystickOrder_<std::allocator<void> >&), state_machine*, const std::_Placeholder<1>&>::type)[m[Kâ€™
   26 | sonic_sensor_ = [01;31m[Kthis->create_subscription<interfaces::msg::Ultrasonic>([m[K
      |                 [01;31m[K~~~~~~~~~~~~~~~~~~~~~~~~~~~~~~~~~~~~~~~~~~~~~~~~~~~~~~^[m[K

   27 | [01;31m[Ktd::bind(&state_machine::stateCallback, this, _1))[m[K;
      | [01;31m[K~~~~~~~~~~~~~~~~~~~~~~~~~~~~~~~~~~~~~~~~~~~~~~~~~~[m[K                     

In file included from [01m[K/opt/ros/humble/include/rclcpp/rclcpp/node.hpp:1321[m[K,
                 from [01m[K/opt/ros/humble/include/rclcpp/rclcpp/executors/single_threaded_executor.hpp:28[m[K,
                 from [01m[K/opt/ros/humble/include/rclcpp/rclcpp/executors.hpp:22[m[K,
                 from [01m[K/opt/ros/humble/include/rclcpp/rclcpp/rclcpp.hpp:155[m[K,
                 from [01m[K/home/loic/Desktop/Xcar_chidi/raspberryPI3/ros2_ws/src/state_machine/src/state_machine_node.cpp:2[m[K:
[01m[K/opt/ros/humble/include/rclcpp/rclcpp/node_impl.hpp:92:1:[m[K [01;36m[Knote: [m[Kcandidate: â€˜[01m[Ktemplate<class MessageT, class CallbackT, class AllocatorT, class SubscriptionT, class MessageMemoryStrategyT> std::shared_ptr<ROSMessageT> rclcpp::Node::create_subscription(const string&, const rclcpp::QoS&, CallbackT&&, const rclcpp::SubscriptionOptionsWithAllocator<AllocatorT>&, typename MessageMemoryStrategyT::SharedPtr)[m[Kâ€™
   92 | [01;36m[KNode[m[K::create_subscription(
      | [01;36m[K^~~~[m[K
[01m[K/opt/ros/humble/include/rclcpp/rclcpp/node_impl.hpp:92:1:[m[K [01;36m[Knote: [m[K  template argument deduction/substitution failed:
[01m[K/home/loic/Desktop/Xcar_chidi/raspberryPI3/ros2_ws/src/state_machine/src/state_machine_node.cpp:26:95:[m[K [01;31m[Kerror: [m[Ktemplate argument 1 is invalid
   26 | sonic_sensor_ = [01;31m[Kthis->create_subscription<interfaces::msg::Ultrasonic>([m[K
      |                 [01;31m[K~~~~~~~~~~~~~~~~~~~~~~~~~~~~~~~~~~~~~~~~~~~~~~~~~~~~~~^[m[K

   27 | [01;31m[Ktd::bind(&state_machine::stateCallback, this, _1))[m[K;
      | [01;31m[K~~~~~~~~~~~~~~~~~~~~~~~~~~~~~~~~~~~~~~~~~~~~~~~~~~[m[K                     

[01m[K/home/loic/Desktop/Xcar_chidi/raspberryPI3/ros2_ws/src/state_machine/src/state_machine_node.cpp:30:7:[m[K [01;31m[Kerror: [m[Kâ€˜[01m[Kstate_service_[m[Kâ€™ was not declared in this scope; did you mean â€˜[01m[Kcreate_service[m[Kâ€™?
   30 |       [01;31m[Kstate_service_[m[K = this->create_service<std_srvs::srv::Empty>(
      |       [01;31m[K^~~~~~~~~~~~~~[m[K
      |       [32m[Kcreate_service[m[K
[01m[K/home/loic/Desktop/Xcar_chidi/raspberryPI3/ros2_ws/src/state_machine/src/state_machine_node.cpp:30:45:[m[K [01;31m[Kerror: [m[Kâ€˜[01m[Kstd_srvs[m[Kâ€™ was not declared in this scope
   30 |       state_service_ = this->create_service<[01;31m[Kstd_srvs[m[K::srv::Empty>(
      |                                             [01;31m[K^~~~~~~~[m[K
[01m[K/home/loic/Desktop/Xcar_chidi/raspberryPI3/ros2_ws/src/state_machine/src/state_machine_node.cpp:30:30:[m[K [01;31m[Kerror: [m[Kparse error in template argument list
   30 |       state_service_ = this->[01;31m[Kcreate_service<std_srvs::srv::Empty>[m[K(
      |                              [01;31m[K^~~~~~~~~~~~~~~~~~~~~~~~~~~~~~~~~~~~[m[K
In file included from [01m[K/usr/include/c++/11/pstl/glue_algorithm_defs.h:13[m[K,
                 from [01m[K/usr/include/c++/11/algorithm:74[m[K,
                 from [01m[K/opt/ros/humble/include/rclcpp/rclcpp/executor.hpp:18[m[K,
                 from [01m[K/opt/ros/humble/include/rclcpp/rclcpp/executors/multi_threaded_executor.hpp:25[m[K,
                 from [01m[K/opt/ros/humble/include/rclcpp/rclcpp/executors.hpp:21[m[K,
                 from [01m[K/opt/ros/humble/include/rclcpp/rclcpp/rclcpp.hpp:155[m[K,
                 from [01m[K/home/loic/Desktop/Xcar_chidi/raspberryPI3/ros2_ws/src/state_machine/src/state_machine_node.cpp:2[m[K:
/usr/include/c++/11/functional: In instantiation of â€˜[01m[Kstruct std::_Bind_check_arity<void (state_machine::*)(const interfaces::msg::JoystickOrder_<std::allocator<void> >&), state_machine*, const std::_Placeholder<1>&, const std::_Placeholder<2>&>[m[Kâ€™:
[01m[K/usr/include/c++/11/functional:768:12:[m[K   required from â€˜[01m[Kstruct std::_Bind_helper<false, void (state_machine::*)(const interfaces::msg::JoystickOrder_<std::allocator<void> >&), state_machine*, const std::_Placeholder<1>&, const std::_Placeholder<2>&>[m[Kâ€™
[01m[K/usr/include/c++/11/functional:789:5:[m[K   required by substitution of â€˜[01m[Ktemplate<class _Func, class ... _BoundArgs> typename std::_Bind_helper<std::__is_socketlike<_Func>::value, _Func, _BoundArgs ...>::type std::bind(_Func&&, _BoundArgs&& ...) [with _Func = void (state_machine::*)(const interfaces::msg::JoystickOrder_<std::allocator<void> >&); _BoundArgs = {state_machine*, const std::_Placeholder<1>&, const std::_Placeholder<2>&}][m[Kâ€™
[01m[K/home/loic/Desktop/Xcar_chidi/raspberryPI3/ros2_ws/src/state_machine/src/state_machine_node.cpp:31:33:[m[K   required from here
[01m[K/usr/include/c++/11/functional:756:21:[m[K [01;31m[Kerror: [m[Kstatic assertion failed: Wrong number of arguments for pointer-to-member
  755 |       static_assert(_Varargs::[01;31m[Kvalue[m[K
      |                               [01;31m[K~~~~~[m[K
  756 | [01;31m[K                    ? sizeof...(_BoundArgs) >= _Arity::value + 1[m[K
      |                     [01;31m[K^~~~~~~~~~~~~~~~~~~~~~~~~~~~~~~~~~~~~~~~~~~~[m[K
  757 | [01;31m[K                    : sizeof...(_BoundArgs) == _Arity::value + 1[m[K,
      |                     [01;31m[K~~~~~~~~~~~~~~~~~~~~~~~~~~~~~~~~~~~~~~~~~~~~[m[K
[01m[K/usr/include/c++/11/functional:756:21:[m[K [01;36m[Knote: [m[Kâ€˜[01m[K(false ? (3 >= (((long unsigned int)std::integral_constant<long unsigned int, 1>::value) + 1)) : (3 == (((long unsigned int)std::integral_constant<long unsigned int, 1>::value) + 1)))[m[Kâ€™ evaluates to false
[01m[K/home/loic/Desktop/Xcar_chidi/raspberryPI3/ros2_ws/src/state_machine/src/state_machine_node.cpp:30:66:[m[K [01;31m[Kerror: [m[Kno matching function for call to â€˜[01m[Kstate_machine::create_service<<expression error> >(const char [14], std::_Bind_helper<false, void (state_machine::*)(const interfaces::msg::JoystickOrder_<std::allocator<void> >&), state_machine*, const std::_Placeholder<1>&, const std::_Placeholder<2>&>::type)[m[Kâ€™
   30 |       state_service_ = [01;31m[Kthis->create_service<std_srvs::srv::Empty>([m[K
      |                        [01;31m[K~~~~~~~~~~~~~~~~~~~~~~~~~~~~~~~~~~~~~~~~~~^[m[K
   31 | [01;31m[K      "state_service", std::bind(&state_machine::stateCallback, this, std::placeholders::_1, std::placeholders::_2))[m[K;
      |       [01;31m[K~~~~~~~~~~~~~~~~~~~~~~~~~~~~~~~~~~~~~~~~~~~~~~~~~~~~~~~~~~~~~~~~~~~~~~~~~~~~~~~~~~~~~~~~~~~~~~~~~~~~~~~~~~~~~~[m[K
In file included from [01m[K/opt/ros/humble/include/rclcpp/rclcpp/executors/single_threaded_executor.hpp:28[m[K,
                 from [01m[K/opt/ros/humble/include/rclcpp/rclcpp/executors.hpp:22[m[K,
                 from [01m[K/opt/ros/humble/include/rclcpp/rclcpp/rclcpp.hpp:155[m[K,
                 from [01m[K/home/loic/Desktop/Xcar_chidi/raspberryPI3/ros2_ws/src/state_machine/src/state_machine_node.cpp:2[m[K:
[01m[K/opt/ros/humble/include/rclcpp/rclcpp/node.hpp:267:3:[m[K [01;36m[Knote: [m[Kcandidate: â€˜[01m[Ktemplate<class ServiceT, class CallbackT> typename rclcpp::Service<ServiceT>::SharedPtr rclcpp::Node::create_service(const string&, CallbackT&&, const rmw_qos_profile_t&, rclcpp::CallbackGroup::SharedPtr)[m[Kâ€™
  267 |   [01;36m[Kcreate_service[m[K(
      |   [01;36m[K^~~~~~~~~~~~~~[m[K
[01m[K/opt/ros/humble/include/rclcpp/rclcpp/node.hpp:267:3:[m[K [01;36m[Knote: [m[K  template argument deduction/substitution failed:
[01m[K/home/loic/Desktop/Xcar_chidi/raspberryPI3/ros2_ws/src/state_machine/src/state_machine_node.cpp:30:66:[m[K [01;31m[Kerror: [m[Ktemplate argument 1 is invalid
   30 |       state_service_ = [01;31m[Kthis->create_service<std_srvs::srv::Empty>([m[K
      |                        [01;31m[K~~~~~~~~~~~~~~~~~~~~~~~~~~~~~~~~~~~~~~~~~~^[m[K
   31 | [01;31m[K      "state_service", std::bind(&state_machine::stateCallback, this, std::placeholders::_1, std::placeholders::_2))[m[K;
      |       [01;31m[K~~~~~~~~~~~~~~~~~~~~~~~~~~~~~~~~~~~~~~~~~~~~~~~~~~~~~~~~~~~~~~~~~~~~~~~~~~~~~~~~~~~~~~~~~~~~~~~~~~~~~~~~~~~~~~[m[K
[01m[K/home/loic/Desktop/Xcar_chidi/raspberryPI3/ros2_ws/src/state_machine/src/state_machine_node.cpp:[m[K In member function â€˜[01m[Kvoid state_machine::stateCallback(const JoystickOrder&)[m[Kâ€™:
[01m[K/home/loic/Desktop/Xcar_chidi/raspberryPI3/ros2_ws/src/state_machine/src/state_machine_node.cpp:58:40:[m[K [01;31m[Kerror: [m[Kâ€˜[01m[Kultrasonic[m[Kâ€™ was not declared in this scope
   58 |       else if (joyOrder.throttle>0 and [01;31m[Kultrasonic[m[K.frontcenter<=20)
      |                                        [01;31m[K^~~~~~~~~~[m[K
[01m[K/home/loic/Desktop/Xcar_chidi/raspberryPI3/ros2_ws/src/state_machine/src/state_machine_node.cpp:[m[K In member function â€˜[01m[Kvoid state_machine::stateCallback2(const int&)[m[Kâ€™:
[01m[K/home/loic/Desktop/Xcar_chidi/raspberryPI3/ros2_ws/src/state_machine/src/state_machine_node.cpp:68:22:[m[K [01;31m[Kerror: [m[Krequest for member â€˜[01m[Kfrontcenter[m[Kâ€™ in â€˜[01m[Kultrasonic[m[Kâ€™, which is of non-class type â€˜[01m[Kconst int[m[Kâ€™
   68 |       if (ultrasonic.[01;31m[Kfrontcenter[m[K<=20)
      |                      [01;31m[K^~~~~~~~~~~[m[K
gmake[2]: *** [CMakeFiles/state_machine_node.dir/build.make:76: CMakeFiles/state_machine_node.dir/src/state_machine_node.cpp.o] Error 1
gmake[1]: *** [CMakeFiles/Makefile2:137: CMakeFiles/state_machine_node.dir/all] Error 2
gmake: *** [Makefile:146: all] Error 2
